<?xml version="1.0" encoding="UTF-8"?>
<!-- Generated by org.testng.reporters.JUnitXMLReporter -->
<testsuite hostname="ECS-650a795e" ignored="1" name="Test1" tests="3" failures="0" timestamp="08 Dec 2017 12:55:29 GMT" time="0.013" errors="0">
  <testcase name="testA" time="0.001" classname="com.autodesk.DemoA"/>
  <testcase name="testB" time="0.002" classname="com.autodesk.DemoB"/>
  <testcase name="testC" time="0.001" classname="com.autodesk.DemoB"/>
  <testcase name="@BeforeTest beforeTest" time="0.0" classname="com.autodesk.BaseTest">
    <ignored/>
  </testcase> <!-- @BeforeTest beforeTest -->
</testsuite> <!-- Test1 -->
