<?xml version="1.0" encoding="UTF-8"?>
<!-- Generated by org.testng.reporters.JUnitXMLReporter -->
<testsuite hostname="BANJ1LMSF2" ignored="4" name="Test" tests="2" failures="0" timestamp="11 Dec 2017 12:02:26 GMT" time="0.043" errors="0">
  <testcase name="createUser" time="0.003" classname="com.autodesk.DemoA"/>
  <testcase name="deleteUser" time="0.001" classname="com.autodesk.DemoA"/>
  <testcase name="editUser" time="0.0" classname="com.autodesk.DemoA">
    <ignored/>
  </testcase> <!-- editUser -->
  <testcase name="createTask" time="0.0" classname="com.autodesk.DemoA">
    <ignored/>
  </testcase> <!-- createTask -->
  <testcase name="deleteTask" time="0.0" classname="com.autodesk.DemoA">
    <ignored/>
  </testcase> <!-- deleteTask -->
  <testcase name="editTask" time="0.0" classname="com.autodesk.DemoA">
    <ignored/>
  </testcase> <!-- editTask -->
</testsuite> <!-- Test -->
